
          A       K       L       H       r       w       C       I       Y       B      BA    tauc    tauw    taur    taup     HEV      DIFF
-10                                                                                                                          -16.18
 -9                                                                                                                          -16.59
 -8                                                                                                                          -17.08
 -7                                                                                                                          -10.35
 -6                                                                                                                           -7.53
 -5                                                                                                                           -5.71
 -4                                                                                                                           -4.28
 -3                                                                                                                           -3.06
 -2                                                                                                                           -2.01
 -1                                                                                                                           -1.13
  0    0.00    0.00    0.00    0.00    0.00    0.00    0.00    0.00    0.00    0.00    0.00    0.00    0.00    0.00    0.00   -0.54 -23.07673
  1    0.00    0.00   13.12    4.99    0.64   -4.34   -4.06   31.77    8.21    0.00    0.00    0.00   -1.39   -1.39  -12.27    0.12 -21.42727
  2   10.64   12.09   14.04    4.98    0.09   -0.62    2.21   34.25   13.33    0.00    0.00    0.00   -2.49   -2.49  -12.27    0.37 -20.52656
  3   18.05   20.53   15.52    5.27   -0.21    1.54    7.41   35.46   17.30    0.00    0.00    0.00   -3.31   -3.31  -12.27    0.52 -19.87700
  4   23.05   26.21   16.89    5.58   -0.38    2.80   12.17   34.33   20.16    0.00    0.00    0.00   -3.94   -3.94  -12.27    0.61 -19.42679
  5   25.77   29.30   17.29    5.66   -0.48    3.57   14.17   34.20   21.48    0.00    0.00    0.00   -4.20   -4.20  -12.27    0.66 -19.22976
  6   27.41   31.17   17.46    5.71   -0.54    4.05   15.23   34.26   22.22    0.00    0.00    0.00   -4.34   -4.34  -12.27    0.69 -19.12200
  7   28.44   32.34   17.48    5.71   -0.58    4.38   15.78   34.36   22.63    0.00    0.00    0.00   -4.41   -4.41  -12.27    0.71 -19.06457
  8   29.12   33.11   17.37    5.70   -0.61    4.63   16.07   34.32   22.81    0.00    0.00    0.00   -4.44   -4.44  -12.27    0.73 -19.03946
  9   29.52   33.57   17.32    5.69   -0.63    4.78   16.23   34.36   22.93    0.00    0.00    0.00   -4.46   -4.46  -12.27    0.74 -19.02331
 10   29.79   33.87   17.32    5.69   -0.64    4.87   16.34   34.42   23.03    0.00    0.00    0.00   -4.47   -4.47  -12.27    0.74 -19.00955
 11   29.97   34.08   17.35    5.70   -0.65    4.92   16.48   34.40   23.11    0.00    0.00    0.00   -4.49   -4.49  -12.27    0.74 -18.99713
 12   30.08   34.20   17.36    5.71   -0.65    4.95   16.55   34.40   23.16    0.00    0.00    0.00   -4.50   -4.50  -12.27    0.75 -18.99036
 13   30.14   34.28   17.36    5.71   -0.66    4.97   16.59   34.40   23.19    0.00    0.00    0.00   -4.50   -4.50  -12.27    0.75 -18.98679
 14   30.19   34.32   17.35    5.71   -0.66    4.98   16.61   34.40   23.20    0.00    0.00    0.00   -4.50   -4.50  -12.27    0.75 -18.98485
 15   30.21   34.35   17.35    5.71   -0.66    4.99   16.62   34.40   23.21    0.00    0.00    0.00   -4.50   -4.50  -12.27    0.75 -18.98361
 16   30.23   34.37   17.35    5.71   -0.66    5.00   16.63   34.40   23.22    0.00    0.00    0.00   -4.51   -4.51  -12.27    0.75 -18.98275
 17   30.24   34.38   17.35    5.71   -0.66    5.00   16.63   34.40   23.22    0.00    0.00    0.00   -4.51   -4.51  -12.27    0.75 -18.98219
 18   30.24   34.39   17.35    5.71   -0.66    5.00   16.64   34.40   23.22    0.00    0.00    0.00   -4.51   -4.51  -12.27    0.75 -18.98183
 19   30.25   34.39   17.35    5.71   -0.66    5.00   16.64   34.40   23.22    0.00    0.00    0.00   -4.51   -4.51  -12.27    0.75 -18.98163
 20   30.25   34.40   17.35    5.71   -0.66    5.00   16.64   34.40   23.23    0.00    0.00    0.00   -4.51   -4.51  -12.27    0.75 -18.98147
 21   30.25   34.40   17.35    5.71   -0.66    5.00   16.64   34.40   23.23    0.00    0.00    0.00   -4.51   -4.51  -12.27    0.75 -18.98140
 22   30.25   34.40   17.35    5.71   -0.66    5.00   16.64   34.40   23.23    0.00    0.00    0.00   -4.51   -4.51  -12.27    0.75 -18.98135
 23   30.25   34.40   17.35    5.71   -0.66    5.00   16.64   34.40   23.23    0.00    0.00    0.00   -4.51   -4.51  -12.27    0.75 -18.98130
 24   30.25   34.40   17.35    5.71   -0.66    5.00   16.64   34.40   23.23    0.00    0.00    0.00   -4.51   -4.51  -12.27    0.75 -18.98130
 25   30.25   34.40   17.35    5.71   -0.66    5.00   16.64   34.40   23.23    0.00    0.00    0.00   -4.51   -4.51  -12.27    0.75 -18.98127
 26   30.25   34.40   17.35    5.71   -0.66    5.00   16.64   34.40   23.23    0.00    0.00    0.00   -4.51   -4.51  -12.27    0.75 -18.98126
 27   30.25   34.40   17.35    5.71   -0.66    5.00   16.64   34.40   23.23    0.00    0.00    0.00   -4.51   -4.51  -12.27    0.75 -18.98127
 28   30.25   34.40   17.35    5.71   -0.66    5.00   16.64   34.40   23.23    0.00    0.00    0.00   -4.51   -4.51  -12.27    0.75 -18.98126
 29   30.25   34.40   17.35    5.71   -0.66    5.00   16.64   34.40   23.23    0.00    0.00    0.00   -4.51   -4.51  -12.27    0.75 -18.98127
 30   30.25   34.40   17.35    5.71   -0.66    5.00   16.64   34.40   23.23    0.00    0.00    0.00   -4.51   -4.51  -12.27    0.75 -18.98127
 31   30.25   34.40   17.35    5.71   -0.66    5.00   16.64   34.40   23.23    0.00    0.00    0.00   -4.51   -4.51  -12.27    0.75 -18.98128
 32   30.25   34.40   17.35    5.71   -0.66    5.00   16.64   34.40   23.23    0.00    0.00    0.00   -4.51   -4.51  -12.27    0.75 -18.98123
 33   30.25   34.40   17.35    5.71   -0.66    5.00   16.64   34.40   23.23    0.00    0.00    0.00   -4.51   -4.51  -12.27    0.75 -18.98122
 34   30.25   34.40   17.35    5.71   -0.66    5.00   16.64   34.40   23.23    0.00    0.00    0.00   -4.51   -4.51  -12.27    0.75 -18.98123
 35   30.25   34.40   17.35    5.71   -0.66    5.00   16.64   34.40   23.23    0.00    0.00    0.00   -4.51   -4.51  -12.27    0.75 -18.98123
 36   30.25   34.40   17.35    5.71   -0.66    5.00   16.64   34.40   23.23    0.00    0.00    0.00   -4.51   -4.51  -12.27    0.75 -18.98125
 37   30.25   34.40   17.35    5.71   -0.66    5.00   16.64   34.40   23.23    0.00    0.00    0.00   -4.51   -4.51  -12.27    0.75 -18.98126
 38   30.25   34.40   17.35    5.71   -0.66    5.00   16.64   34.40   23.23    0.00    0.00    0.00   -4.51   -4.51  -12.27    0.75 -18.98124
 39   30.25   34.40   17.35    5.71   -0.66    5.00   16.64   34.40   23.23    0.00    0.00    0.00   -4.51   -4.51  -12.27    0.75 -18.98126
 40   30.25   34.40   17.35    5.71   -0.66    5.00   16.64   34.40   23.23    0.00    0.00    0.00   -4.51   -4.51  -12.27    0.75 -18.98127

          A       K       L       H       r       w       C       I       Y       B      BA    tauc    tauw    taur    taup     HEV      DIFF
-10                                                                                                                           -0.00
 -9                                                                                                                           -0.00
 -8                                                                                                                            0.00
 -7                                                                                                                            0.00
 -6                                                                                                                            0.00
 -5                                                                                                                           -0.00
 -4                                                                                                                           -0.00
 -3                                                                                                                           -0.00
 -2                                                                                                                           -0.00
 -1                                                                                                                           -0.00
  0    0.00    0.00    0.00    0.00    0.00    0.00    0.00    0.00    0.00    0.00    0.00    0.00    0.00    0.00    0.00   -0.00 -23.07673
  1    0.00    0.00   16.50    3.89    0.79   -5.35    4.33   21.96   10.27    0.00    0.00    0.00   -2.30   -2.30  -12.27    0.97 -21.30084
  2   39.77    8.36   16.16    4.43    0.35   -2.47    9.08   21.39   13.29    0.00   28.48    0.00   -3.51   -3.51  -12.27    0.97 -20.78500
  3   45.42   13.32   16.40    4.71    0.14   -0.96   11.70   22.02   15.28    0.00   29.10    0.00   -3.85   -3.85  -12.27    0.97 -20.45906
  4   49.15   16.63   16.72    4.98    0.00   -0.03   13.77   22.02   16.69    0.00   29.45    0.00   -4.10   -4.10  -12.27    0.97 -20.23334
  5   51.47   18.68   16.82    5.16   -0.08    0.57   14.91   22.10   17.49    0.00   29.69    0.00   -4.24   -4.24  -12.27    0.97 -20.10875
  6   52.94   19.98   16.83    5.31   -0.13    0.96   15.58   22.13   17.95    0.00   29.85    0.00   -4.31   -4.31  -12.27    0.97 -20.03743
  7   53.86   20.80   16.77    5.44   -0.17    1.23   15.97   22.10   18.21    0.00   29.95    0.00   -4.35   -4.35  -12.27    0.97 -19.99907
  8   54.42   21.30   16.62    5.53   -0.20    1.43   16.21   21.85   18.28    0.00   30.03    0.00   -4.36   -4.36  -12.27    0.97 -19.98904
  9   54.66   21.51   16.69    5.59   -0.20    1.47   16.33   21.98   18.40    0.00   30.05    0.00   -4.38   -4.38  -12.27    0.97 -19.96977
 10   54.86   21.69   16.70    5.60   -0.21    1.52   16.43   21.98   18.47    0.00   30.07    0.00   -4.39   -4.39  -12.27    0.97 -19.95952
 11   54.98   21.80   16.71    5.61   -0.21    1.55   16.53   21.91   18.52    0.00   30.08    0.00   -4.40   -4.40  -12.27    0.97 -19.95239
 12   55.04   21.84   16.69    5.60   -0.21    1.57   16.51   21.95   18.52    0.00   30.09    0.00   -4.39   -4.39  -12.27    0.97 -19.95290
 13   55.08   21.88   16.69    5.60   -0.22    1.58   16.53   21.95   18.53    0.00   30.09    0.00   -4.40   -4.40  -12.27    0.97 -19.95051
 14   55.11   21.90   16.69    5.60   -0.22    1.59   16.55   21.94   18.54    0.00   30.10    0.00   -4.40   -4.40  -12.27    0.97 -19.94893
 15   55.13   21.92   16.69    5.61   -0.22    1.59   16.56   21.95   18.55    0.00   30.10    0.00   -4.40   -4.40  -12.27    0.97 -19.94784
 16   55.14   21.93   16.69    5.61   -0.22    1.59   16.56   21.94   18.55    0.00   30.10    0.00   -4.40   -4.40  -12.27    0.97 -19.94726
 17   55.14   21.93   16.69    5.61   -0.22    1.59   16.57   21.94   18.55    0.00   30.10    0.00   -4.40   -4.40  -12.27    0.97 -19.94694
 18   55.15   21.94   16.69    5.61   -0.22    1.59   16.57   21.94   18.56    0.00   30.10    0.00   -4.40   -4.40  -12.27    0.97 -19.94677
 19   55.15   21.94   16.69    5.61   -0.22    1.60   16.57   21.94   18.56    0.00   30.10    0.00   -4.40   -4.40  -12.27    0.97 -19.94664
 20   55.15   21.94   16.69    5.61   -0.22    1.60   16.57   21.94   18.56    0.00   30.10    0.00   -4.40   -4.40  -12.27    0.97 -19.94654
 21   55.15   21.94   16.69    5.61   -0.22    1.60   16.57   21.94   18.56    0.00   30.10    0.00   -4.40   -4.40  -12.27    0.97 -19.94647
 22   55.15   21.94   16.69    5.61   -0.22    1.60   16.57   21.94   18.56    0.00   30.10    0.00   -4.40   -4.40  -12.27    0.97 -19.94644
 23   55.15   21.94   16.69    5.61   -0.22    1.60   16.57   21.94   18.56    0.00   30.10    0.00   -4.40   -4.40  -12.27    0.97 -19.94642
 24   55.15   21.94   16.69    5.61   -0.22    1.60   16.57   21.94   18.56    0.00   30.10    0.00   -4.40   -4.40  -12.27    0.97 -19.94644
 25   55.15   21.94   16.69    5.61   -0.22    1.60   16.57   21.94   18.56    0.00   30.10    0.00   -4.40   -4.40  -12.27    0.97 -19.94643
 26   55.15   21.94   16.69    5.61   -0.22    1.60   16.57   21.94   18.56    0.00   30.10    0.00   -4.40   -4.40  -12.27    0.97 -19.94645
 27   55.15   21.94   16.69    5.61   -0.22    1.60   16.57   21.94   18.56    0.00   30.10    0.00   -4.40   -4.40  -12.27    0.97 -19.94646
 28   55.15   21.94   16.69    5.61   -0.22    1.60   16.57   21.94   18.56    0.00   30.10    0.00   -4.40   -4.40  -12.27    0.97 -19.94645
 29   55.15   21.94   16.69    5.61   -0.22    1.60   16.57   21.94   18.56    0.00   30.10    0.00   -4.40   -4.40  -12.27    0.97 -19.94646
 30   55.15   21.94   16.69    5.61   -0.22    1.60   16.57   21.94   18.56    0.00   30.10    0.00   -4.40   -4.40  -12.27    0.97 -19.94648
 31   55.15   21.94   16.69    5.61   -0.22    1.60   16.57   21.94   18.56    0.00   30.10    0.00   -4.40   -4.40  -12.27    0.97 -19.94645
 32   55.15   21.94   16.69    5.61   -0.22    1.60   16.57   21.94   18.56    0.00   30.10    0.00   -4.40   -4.40  -12.27    0.97 -19.94649
 33   55.15   21.94   16.69    5.61   -0.22    1.60   16.57   21.94   18.56    0.00   30.10    0.00   -4.40   -4.40  -12.27    0.97 -19.94650
 34   55.15   21.94   16.69    5.61   -0.22    1.60   16.57   21.94   18.56    0.00   30.10    0.00   -4.40   -4.40  -12.27    0.97 -19.94651
 35   55.15   21.94   16.69    5.61   -0.22    1.60   16.57   21.94   18.56    0.00   30.10    0.00   -4.40   -4.40  -12.27    0.97 -19.94648
 36   55.15   21.94   16.69    5.61   -0.22    1.60   16.57   21.94   18.56    0.00   30.10    0.00   -4.40   -4.40  -12.27    0.97 -19.94651
 37   55.15   21.94   16.69    5.61   -0.22    1.60   16.57   21.94   18.56    0.00   30.10    0.00   -4.40   -4.40  -12.27    0.97 -19.94653
 38   55.15   21.94   16.69    5.61   -0.22    1.60   16.57   21.94   18.56    0.00   30.10    0.00   -4.40   -4.40  -12.27    0.97 -19.94654
 39   55.15   21.94   16.69    5.61   -0.22    1.60   16.57   21.94   18.56    0.00   30.10    0.00   -4.40   -4.40  -12.27    0.97 -19.94659
 40   55.15   21.94   16.69    5.61   -0.22    1.60   16.57   21.94   18.56    0.00   30.10    0.00   -4.40   -4.40  -12.27    0.97 -19.94632

EFFICIENCY GAIN:    -0.482099
